<?xml version="1.0" encoding="UTF-8"?>
<!-- Generated by org.testng.reporters.JUnitXMLReporter -->
<testsuite ignored="1" hostname="HRuiz" failures="1" tests="6" name="Chrome Tests - ABP Requirements" time="61.809" errors="0" timestamp="2025-08-04T13:51:12 CLT">
  <testcase classname="com.abp.tests.LoginTestsSimplified" name="@BeforeMethod setupLoginTest" time="0.002">
    <failure type="org.openqa.selenium.NoSuchSessionException" message="invalid session id
Build info: version: &amp;apos;4.15.0&amp;apos;, revision: &amp;apos;1d14b5521b&amp;apos;
System info: os.name: &amp;apos;Windows 11&amp;apos;, os.arch: &amp;apos;amd64&amp;apos;, os.version: &amp;apos;10.0&amp;apos;, java.version: &amp;apos;11.0.28&amp;apos;
Driver info: org.openqa.selenium.chrome.ChromeDriver
Command: [402fdcb9e3fcecc60c950745f2372514, get {url=https://parabank.parasoft.com/parabank/index.htm}]
Capabilities {acceptInsecureCerts: false, browserName: chrome, browserVersion: 138.0.7204.184, chrome: {chromedriverVersion: 138.0.7204.183 (e90faf484dd..., userDataDir: C:\Users\ruizh\AppData\Loca...}, fedcm:accounts: true, goog:chromeOptions: {debuggerAddress: localhost:58456}, networkConnectionEnabled: false, pageLoadStrategy: normal, platformName: windows, proxy: Proxy(), se:cdp: ws://localhost:58456/devtoo..., se:cdpVersion: 138.0.7204.184, setWindowRect: true, strictFileInteractability: false, timeouts: {implicit: 0, pageLoad: 300000, script: 30000}, unhandledPromptBehavior: dismiss and notify, webauthn:extension:credBlob: true, webauthn:extension:largeBlob: true, webauthn:extension:minPinLength: true, webauthn:extension:prf: true, webauthn:virtualAuthenticators: true}
Session ID: 402fdcb9e3fcecc60c950745f2372514">
      <![CDATA[org.openqa.selenium.NoSuchSessionException: invalid session id
Build info: version: '4.15.0', revision: '1d14b5521b'
System info: os.name: 'Windows 11', os.arch: 'amd64', os.version: '10.0', java.version: '11.0.28'
Driver info: org.openqa.selenium.chrome.ChromeDriver
Command: [402fdcb9e3fcecc60c950745f2372514, get {url=https://parabank.parasoft.com/parabank/index.htm}]
Capabilities {acceptInsecureCerts: false, browserName: chrome, browserVersion: 138.0.7204.184, chrome: {chromedriverVersion: 138.0.7204.183 (e90faf484dd..., userDataDir: C:\Users\ruizh\AppData\Loca...}, fedcm:accounts: true, goog:chromeOptions: {debuggerAddress: localhost:58456}, networkConnectionEnabled: false, pageLoadStrategy: normal, platformName: windows, proxy: Proxy(), se:cdp: ws://localhost:58456/devtoo..., se:cdpVersion: 138.0.7204.184, setWindowRect: true, strictFileInteractability: false, timeouts: {implicit: 0, pageLoad: 300000, script: 30000}, unhandledPromptBehavior: dismiss and notify, webauthn:extension:credBlob: true, webauthn:extension:largeBlob: true, webauthn:extension:minPinLength: true, webauthn:extension:prf: true, webauthn:virtualAuthenticators: true}
Session ID: 402fdcb9e3fcecc60c950745f2372514
at org.openqa.selenium.remote.codec.w3c.W3CHttpResponseCodec.createException(W3CHttpResponseCodec.java:200)
at org.openqa.selenium.remote.codec.w3c.W3CHttpResponseCodec.decode(W3CHttpResponseCodec.java:133)
at org.openqa.selenium.remote.codec.w3c.W3CHttpResponseCodec.decode(W3CHttpResponseCodec.java:52)
at org.openqa.selenium.remote.HttpCommandExecutor.execute(HttpCommandExecutor.java:191)
at org.openqa.selenium.remote.service.DriverCommandExecutor.invokeExecute(DriverCommandExecutor.java:200)
at org.openqa.selenium.remote.service.DriverCommandExecutor.execute(DriverCommandExecutor.java:175)
at org.openqa.selenium.remote.RemoteWebDriver.execute(RemoteWebDriver.java:607)
at org.openqa.selenium.remote.RemoteWebDriver.get(RemoteWebDriver.java:309)
at com.abp.pages.LoginPage.navigateToParaBank(LoginPage.java:73)
at com.abp.tests.LoginTestsSimplified.setupLoginTest(LoginTestsSimplified.java:19)
at java.base/java.util.ArrayList.forEach(ArrayList.java:1541)
... Removed 39 stack frames]]>
    </failure>
  </testcase> <!-- @BeforeMethod setupLoginTest -->
  <testcase classname="com.abp.tests.BaseTest" name="@AfterMethod teardownMethod" time="0.0">
    <skipped/>
  </testcase> <!-- @AfterMethod teardownMethod -->
  <testcase classname="com.abp.tests.BaseTest" name="@AfterClass teardownClass" time="0.0">
    <skipped/>
  </testcase> <!-- @AfterClass teardownClass -->
  <testcase classname="com.abp.tests.RegistrationTestsSimplified" name="@BeforeMethod setupRegistrationTest" time="0.005">
    <failure type="org.openqa.selenium.NoSuchSessionException" message="invalid session id
Build info: version: &amp;apos;4.15.0&amp;apos;, revision: &amp;apos;1d14b5521b&amp;apos;
System info: os.name: &amp;apos;Windows 11&amp;apos;, os.arch: &amp;apos;amd64&amp;apos;, os.version: &amp;apos;10.0&amp;apos;, java.version: &amp;apos;11.0.28&amp;apos;
Driver info: org.openqa.selenium.chrome.ChromeDriver
Command: [402fdcb9e3fcecc60c950745f2372514, get {url=https://parabank.parasoft.com/parabank/register.htm}]
Capabilities {acceptInsecureCerts: false, browserName: chrome, browserVersion: 138.0.7204.184, chrome: {chromedriverVersion: 138.0.7204.183 (e90faf484dd..., userDataDir: C:\Users\ruizh\AppData\Loca...}, fedcm:accounts: true, goog:chromeOptions: {debuggerAddress: localhost:58456}, networkConnectionEnabled: false, pageLoadStrategy: normal, platformName: windows, proxy: Proxy(), se:cdp: ws://localhost:58456/devtoo..., se:cdpVersion: 138.0.7204.184, setWindowRect: true, strictFileInteractability: false, timeouts: {implicit: 0, pageLoad: 300000, script: 30000}, unhandledPromptBehavior: dismiss and notify, webauthn:extension:credBlob: true, webauthn:extension:largeBlob: true, webauthn:extension:minPinLength: true, webauthn:extension:prf: true, webauthn:virtualAuthenticators: true}
Session ID: 402fdcb9e3fcecc60c950745f2372514">
      <![CDATA[org.openqa.selenium.NoSuchSessionException: invalid session id
Build info: version: '4.15.0', revision: '1d14b5521b'
System info: os.name: 'Windows 11', os.arch: 'amd64', os.version: '10.0', java.version: '11.0.28'
Driver info: org.openqa.selenium.chrome.ChromeDriver
Command: [402fdcb9e3fcecc60c950745f2372514, get {url=https://parabank.parasoft.com/parabank/register.htm}]
Capabilities {acceptInsecureCerts: false, browserName: chrome, browserVersion: 138.0.7204.184, chrome: {chromedriverVersion: 138.0.7204.183 (e90faf484dd..., userDataDir: C:\Users\ruizh\AppData\Loca...}, fedcm:accounts: true, goog:chromeOptions: {debuggerAddress: localhost:58456}, networkConnectionEnabled: false, pageLoadStrategy: normal, platformName: windows, proxy: Proxy(), se:cdp: ws://localhost:58456/devtoo..., se:cdpVersion: 138.0.7204.184, setWindowRect: true, strictFileInteractability: false, timeouts: {implicit: 0, pageLoad: 300000, script: 30000}, unhandledPromptBehavior: dismiss and notify, webauthn:extension:credBlob: true, webauthn:extension:largeBlob: true, webauthn:extension:minPinLength: true, webauthn:extension:prf: true, webauthn:virtualAuthenticators: true}
Session ID: 402fdcb9e3fcecc60c950745f2372514
at org.openqa.selenium.remote.codec.w3c.W3CHttpResponseCodec.createException(W3CHttpResponseCodec.java:200)
at org.openqa.selenium.remote.codec.w3c.W3CHttpResponseCodec.decode(W3CHttpResponseCodec.java:133)
at org.openqa.selenium.remote.codec.w3c.W3CHttpResponseCodec.decode(W3CHttpResponseCodec.java:52)
at org.openqa.selenium.remote.HttpCommandExecutor.execute(HttpCommandExecutor.java:191)
at org.openqa.selenium.remote.service.DriverCommandExecutor.invokeExecute(DriverCommandExecutor.java:200)
at org.openqa.selenium.remote.service.DriverCommandExecutor.execute(DriverCommandExecutor.java:175)
at org.openqa.selenium.remote.RemoteWebDriver.execute(RemoteWebDriver.java:607)
at org.openqa.selenium.remote.RemoteWebDriver.get(RemoteWebDriver.java:309)
at com.abp.pages.RegisterPage.navigateToRegisterPage(RegisterPage.java:104)
at com.abp.tests.RegistrationTestsSimplified.setupRegistrationTest(RegistrationTestsSimplified.java:19)
at java.base/java.util.ArrayList.forEach(ArrayList.java:1541)
... Removed 39 stack frames]]>
    </failure>
  </testcase> <!-- @BeforeMethod setupRegistrationTest -->
  <testcase classname="com.abp.tests.BaseTest" name="@AfterMethod teardownMethod" time="0.0">
    <skipped/>
  </testcase> <!-- @AfterMethod teardownMethod -->
  <testcase classname="com.abp.tests.BaseTest" name="@BeforeMethod setupMethod" time="0.0">
    <skipped/>
  </testcase> <!-- @BeforeMethod setupMethod -->
  <testcase classname="com.abp.tests.RegistrationTestsSimplified" name="@BeforeMethod setupRegistrationTest" time="0.0">
    <skipped/>
  </testcase> <!-- @BeforeMethod setupRegistrationTest -->
  <testcase classname="com.abp.tests.BaseTest" name="@AfterMethod teardownMethod" time="0.0">
    <skipped/>
  </testcase> <!-- @AfterMethod teardownMethod -->
  <testcase classname="com.abp.tests.BaseTest" name="@BeforeMethod setupMethod" time="0.0">
    <skipped/>
  </testcase> <!-- @BeforeMethod setupMethod -->
  <testcase classname="com.abp.tests.RegistrationTestsSimplified" name="@BeforeMethod setupRegistrationTest" time="0.0">
    <skipped/>
  </testcase> <!-- @BeforeMethod setupRegistrationTest -->
  <testcase classname="com.abp.tests.BaseTest" name="@AfterMethod teardownMethod" time="0.0">
    <skipped/>
  </testcase> <!-- @AfterMethod teardownMethod -->
  <testcase classname="com.abp.tests.BaseTest" name="@AfterClass teardownClass" time="0.0">
    <skipped/>
  </testcase> <!-- @AfterClass teardownClass -->
  <testcase classname="com.abp.tests.LoginTestsSimplified" name="testLoginExitoso" time="26.603"/>
  <testcase classname="com.abp.tests.LoginTestsSimplified" name="testLoginFallido" time="29.565">
    <failure type="java.lang.AssertionError" message="Debería mostrarse mensaje de error expected [true] but found [false]">
      <![CDATA[java.lang.AssertionError: Debería mostrarse mensaje de error expected [true] but found [false]
at com.abp.tests.LoginTestsSimplified.testLoginFallido(LoginTestsSimplified.java:68)
at java.base/java.util.ArrayList.forEach(ArrayList.java:1541)
... Removed 34 stack frames]]>
    </failure>
  </testcase> <!-- testLoginFallido -->
  <testcase classname="com.abp.tests.LoginTestsSimplified" name="testLoginCamposVacios" time="0.0">
    <skipped/>
  </testcase> <!-- testLoginCamposVacios -->
  <testcase classname="com.abp.tests.RegistrationTestsSimplified" name="testRegistroExitoso" time="0.0">
    <skipped/>
  </testcase> <!-- testRegistroExitoso -->
  <testcase classname="com.abp.tests.RegistrationTestsSimplified" name="testRegistroCamposObligatorios" time="0.0">
    <skipped/>
  </testcase> <!-- testRegistroCamposObligatorios -->
  <testcase classname="com.abp.tests.RegistrationTestsSimplified" name="testRegistroPasswordsNoCoinciden" time="0.0">
    <skipped/>
  </testcase> <!-- testRegistroPasswordsNoCoinciden -->
  <testcase classname="com.abp.tests.BaseTest" name="@AfterSuite teardownSuite" time="0.0">
    <ignored/>
  </testcase> <!-- @AfterSuite teardownSuite -->
</testsuite> <!-- Chrome Tests - ABP Requirements -->
