<?xml version="1.0" encoding="UTF-8"?>
<!-- Generated by org.testng.reporters.JUnitXMLReporter -->
<testsuite ignored="1" hostname="HRuiz" failures="0" tests="6" name="Firefox Tests - ABP Requirements" time="0.034" errors="0" timestamp="2025-08-04T13:51:12 CLT">
  <testcase classname="com.abp.tests.LoginTestsSimplified" name="testLoginExitoso" time="0.0">
    <skipped/>
  </testcase> <!-- testLoginExitoso -->
  <testcase classname="com.abp.tests.LoginTestsSimplified" name="testLoginFallido" time="0.0">
    <skipped/>
  </testcase> <!-- testLoginFallido -->
  <testcase classname="com.abp.tests.LoginTestsSimplified" name="testLoginCamposVacios" time="0.0">
    <skipped/>
  </testcase> <!-- testLoginCamposVacios -->
  <testcase classname="com.abp.tests.RegistrationTestsSimplified" name="testRegistroExitoso" time="0.0">
    <skipped/>
  </testcase> <!-- testRegistroExitoso -->
  <testcase classname="com.abp.tests.RegistrationTestsSimplified" name="testRegistroCamposObligatorios" time="0.0">
    <skipped/>
  </testcase> <!-- testRegistroCamposObligatorios -->
  <testcase classname="com.abp.tests.RegistrationTestsSimplified" name="testRegistroPasswordsNoCoinciden" time="0.0">
    <skipped/>
  </testcase> <!-- testRegistroPasswordsNoCoinciden -->
  <testcase classname="com.abp.tests.BaseTest" name="@AfterSuite teardownSuite" time="0.0">
    <ignored/>
  </testcase> <!-- @AfterSuite teardownSuite -->
</testsuite> <!-- Firefox Tests - ABP Requirements -->
